2025-03-29T12:39:06.200+05:30  INFO 1880 --- [demo] [main] com.example.demo.DemoApplication         : Starting DemoApplication using Java 17.0.10 with PID 1880 (C:\Users\Shree\Downloads\demo\target\classes started by Shree in C:\Users\Shree\Downloads\demo)
2025-03-29T12:39:06.203+05:30  INFO 1880 --- [demo] [main] com.example.demo.DemoApplication         : No active profile set, falling back to 1 default profile: "default"
2025-03-29T12:39:07.070+05:30 DEBUG 1880 --- [demo] [main] o.a.catalina.core.AprLifecycleListener   : The Apache Tomcat Native library could not be found using names [tcnative-2, libtcnative-2, tcnative-1, libtcnative-1] on the java.library.path [C:\Program Files (x86)\Application\Java\java 17 openlogic\openlogic-openjdk-17.0.10+7-windows-x64\bin;C:\Windows\Sun\Java\bin;C:\Windows\system32;C:\Windows;C:\Windows\system32;C:\Windows;C:\Windows\System32\Wbem;C:\Windows\System32\WindowsPowerShell\v1.0\;C:\Windows\System32\OpenSSH\;c:\Program Files (x86)\Intel\Intel(R) Management Engine Components\DAL;c:\Program Files\Intel\Intel(R) Management Engine Components\DAL;C:\Program Files (x86)\Pulse Secure\VC142.CRT\X64\;C:\Program Files (x86)\Pulse Secure\VC142.CRT\X86\;C:\Program Files (x86)\Common Files\Pulse Secure\TNC Client Plugin\;C:\Program Files\PuTTY\;C:\Program Files\TortoiseGit\bin;C:\Program Files (x86)\Application\apache-maven-3.9.6\bin;C:\Strawberry\c\bin;C:\Strawberry\perl\site\bin;C:\Strawberry\perl\bin;C:\Program Files (x86)\Application\apache-ant-1.10.14\bin;C:\Program Files\Git\cmd;C:\Program Files\Docker\Docker\resources\bin;C:\Program Files (x86)\Application\Java\java 17 openlogic\openlogic-openjdk-17.0.10+7-windows-x64\bin;C:\Program Files (x86)\Application\Java\java 17 openlogic\openlogic-openjre-17.0.10+7-windows-x64\bin;C:\Users\Shree\AppData\Local\Microsoft\WindowsApps;C:\Program Files\Git\bin;C:\Program Files (x86)\Application\apache-maven-3.9.6\bin;C:\Program Files (x86)\Application\apache-ant-1.10.14\bin;C:\Program Files (x86)\Application\Java\jdk-17.0.10\bin;C:\Users\Shree\AppData\Local\Programs\Microsoft VS Code\bin;C:\Program Files (x86)\Application\Java\java 17 openlogic\openlogic-openjdk-17.0.10+7-windows-x64\bin;C:\Program Files (x86)\Application\Java\java 17 openlogic\openlogic-openjre-17.0.10+7-windows-x64\bin;;.]. The errors reported were [Can't load library: C:\Users\Shree\Downloads\demo\bin\tcnative-2.dll, Can't load library: C:\Users\Shree\Downloads\demo\bin\libtcnative-2.dll, Can't load library: C:\Users\Shree\Downloads\demo\bin\tcnative-1.dll, Can't load library: C:\Users\Shree\Downloads\demo\bin\libtcnative-1.dll, no tcnative-2 in java.library.path: C:\Program Files (x86)\Application\Java\java 17 openlogic\openlogic-openjdk-17.0.10+7-windows-x64\bin;C:\Windows\Sun\Java\bin;C:\Windows\system32;C:\Windows;C:\Windows\system32;C:\Windows;C:\Windows\System32\Wbem;C:\Windows\System32\WindowsPowerShell\v1.0\;C:\Windows\System32\OpenSSH\;c:\Program Files (x86)\Intel\Intel(R) Management Engine Components\DAL;c:\Program Files\Intel\Intel(R) Management Engine Components\DAL;C:\Program Files (x86)\Pulse Secure\VC142.CRT\X64\;C:\Program Files (x86)\Pulse Secure\VC142.CRT\X86\;C:\Program Files (x86)\Common Files\Pulse Secure\TNC Client Plugin\;C:\Program Files\PuTTY\;C:\Program Files\TortoiseGit\bin;C:\Program Files (x86)\Application\apache-maven-3.9.6\bin;C:\Strawberry\c\bin;C:\Strawberry\perl\site\bin;C:\Strawberry\perl\bin;C:\Program Files (x86)\Application\apache-ant-1.10.14\bin;C:\Program Files\Git\cmd;C:\Program Files\Docker\Docker\resources\bin;C:\Program Files (x86)\Application\Java\java 17 openlogic\openlogic-openjdk-17.0.10+7-windows-x64\bin;C:\Program Files (x86)\Application\Java\java 17 openlogic\openlogic-openjre-17.0.10+7-windows-x64\bin;C:\Users\Shree\AppData\Local\Microsoft\WindowsApps;C:\Program Files\Git\bin;C:\Program Files (x86)\Application\apache-maven-3.9.6\bin;C:\Program Files (x86)\Application\apache-ant-1.10.14\bin;C:\Program Files (x86)\Application\Java\jdk-17.0.10\bin;C:\Users\Shree\AppData\Local\Programs\Microsoft VS Code\bin;C:\Program Files (x86)\Application\Java\java 17 openlogic\openlogic-openjdk-17.0.10+7-windows-x64\bin;C:\Program Files (x86)\Application\Java\java 17 openlogic\openlogic-openjre-17.0.10+7-windows-x64\bin;;., no libtcnative-2 in java.library.path: C:\Program Files (x86)\Application\Java\java 17 openlogic\openlogic-openjdk-17.0.10+7-windows-x64\bin;C:\Windows\Sun\Java\bin;C:\Windows\system32;C:\Windows;C:\Windows\system32;C:\Windows;C:\Windows\System32\Wbem;C:\Windows\System32\WindowsPowerShell\v1.0\;C:\Windows\System32\OpenSSH\;c:\Program Files (x86)\Intel\Intel(R) Management Engine Components\DAL;c:\Program Files\Intel\Intel(R) Management Engine Components\DAL;C:\Program Files (x86)\Pulse Secure\VC142.CRT\X64\;C:\Program Files (x86)\Pulse Secure\VC142.CRT\X86\;C:\Program Files (x86)\Common Files\Pulse Secure\TNC Client Plugin\;C:\Program Files\PuTTY\;C:\Program Files\TortoiseGit\bin;C:\Program Files (x86)\Application\apache-maven-3.9.6\bin;C:\Strawberry\c\bin;C:\Strawberry\perl\site\bin;C:\Strawberry\perl\bin;C:\Program Files (x86)\Application\apache-ant-1.10.14\bin;C:\Program Files\Git\cmd;C:\Program Files\Docker\Docker\resources\bin;C:\Program Files (x86)\Application\Java\java 17 openlogic\openlogic-openjdk-17.0.10+7-windows-x64\bin;C:\Program Files (x86)\Application\Java\java 17 openlogic\openlogic-openjre-17.0.10+7-windows-x64\bin;C:\Users\Shree\AppData\Local\Microsoft\WindowsApps;C:\Program Files\Git\bin;C:\Program Files (x86)\Application\apache-maven-3.9.6\bin;C:\Program Files (x86)\Application\apache-ant-1.10.14\bin;C:\Program Files (x86)\Application\Java\jdk-17.0.10\bin;C:\Users\Shree\AppData\Local\Programs\Microsoft VS Code\bin;C:\Program Files (x86)\Application\Java\java 17 openlogic\openlogic-openjdk-17.0.10+7-windows-x64\bin;C:\Program Files (x86)\Application\Java\java 17 openlogic\openlogic-openjre-17.0.10+7-windows-x64\bin;;., no tcnative-1 in java.library.path: C:\Program Files (x86)\Application\Java\java 17 openlogic\openlogic-openjdk-17.0.10+7-windows-x64\bin;C:\Windows\Sun\Java\bin;C:\Windows\system32;C:\Windows;C:\Windows\system32;C:\Windows;C:\Windows\System32\Wbem;C:\Windows\System32\WindowsPowerShell\v1.0\;C:\Windows\System32\OpenSSH\;c:\Program Files (x86)\Intel\Intel(R) Management Engine Components\DAL;c:\Program Files\Intel\Intel(R) Management Engine Components\DAL;C:\Program Files (x86)\Pulse Secure\VC142.CRT\X64\;C:\Program Files (x86)\Pulse Secure\VC142.CRT\X86\;C:\Program Files (x86)\Common Files\Pulse Secure\TNC Client Plugin\;C:\Program Files\PuTTY\;C:\Program Files\TortoiseGit\bin;C:\Program Files (x86)\Application\apache-maven-3.9.6\bin;C:\Strawberry\c\bin;C:\Strawberry\perl\site\bin;C:\Strawberry\perl\bin;C:\Program Files (x86)\Application\apache-ant-1.10.14\bin;C:\Program Files\Git\cmd;C:\Program Files\Docker\Docker\resources\bin;C:\Program Files (x86)\Application\Java\java 17 openlogic\openlogic-openjdk-17.0.10+7-windows-x64\bin;C:\Program Files (x86)\Application\Java\java 17 openlogic\openlogic-openjre-17.0.10+7-windows-x64\bin;C:\Users\Shree\AppData\Local\Microsoft\WindowsApps;C:\Program Files\Git\bin;C:\Program Files (x86)\Application\apache-maven-3.9.6\bin;C:\Program Files (x86)\Application\apache-ant-1.10.14\bin;C:\Program Files (x86)\Application\Java\jdk-17.0.10\bin;C:\Users\Shree\AppData\Local\Programs\Microsoft VS Code\bin;C:\Program Files (x86)\Application\Java\java 17 openlogic\openlogic-openjdk-17.0.10+7-windows-x64\bin;C:\Program Files (x86)\Application\Java\java 17 openlogic\openlogic-openjre-17.0.10+7-windows-x64\bin;;., no libtcnative-1 in java.library.path: C:\Program Files (x86)\Application\Java\java 17 openlogic\openlogic-openjdk-17.0.10+7-windows-x64\bin;C:\Windows\Sun\Java\bin;C:\Windows\system32;C:\Windows;C:\Windows\system32;C:\Windows;C:\Windows\System32\Wbem;C:\Windows\System32\WindowsPowerShell\v1.0\;C:\Windows\System32\OpenSSH\;c:\Program Files (x86)\Intel\Intel(R) Management Engine Components\DAL;c:\Program Files\Intel\Intel(R) Management Engine Components\DAL;C:\Program Files (x86)\Pulse Secure\VC142.CRT\X64\;C:\Program Files (x86)\Pulse Secure\VC142.CRT\X86\;C:\Program Files (x86)\Common Files\Pulse Secure\TNC Client Plugin\;C:\Program Files\PuTTY\;C:\Program Files\TortoiseGit\bin;C:\Program Files (x86)\Application\apache-maven-3.9.6\bin;C:\Strawberry\c\bin;C:\Strawberry\perl\site\bin;C:\Strawberry\perl\bin;C:\Program Files (x86)\Application\apache-ant-1.10.14\bin;C:\Program Files\Git\cmd;C:\Program Files\Docker\Docker\resources\bin;C:\Program Files (x86)\Application\Java\java 17 openlogic\openlogic-openjdk-17.0.10+7-windows-x64\bin;C:\Program Files (x86)\Application\Java\java 17 openlogic\openlogic-openjre-17.0.10+7-windows-x64\bin;C:\Users\Shree\AppData\Local\Microsoft\WindowsApps;C:\Program Files\Git\bin;C:\Program Files (x86)\Application\apache-maven-3.9.6\bin;C:\Program Files (x86)\Application\apache-ant-1.10.14\bin;C:\Program Files (x86)\Application\Java\jdk-17.0.10\bin;C:\Users\Shree\AppData\Local\Programs\Microsoft VS Code\bin;C:\Program Files (x86)\Application\Java\java 17 openlogic\openlogic-openjdk-17.0.10+7-windows-x64\bin;C:\Program Files (x86)\Application\Java\java 17 openlogic\openlogic-openjre-17.0.10+7-windows-x64\bin;;.]

org.apache.tomcat.jni.LibraryNotFoundError: Can't load library: C:\Users\Shree\Downloads\demo\bin\tcnative-2.dll, Can't load library: C:\Users\Shree\Downloads\demo\bin\libtcnative-2.dll, Can't load library: C:\Users\Shree\Downloads\demo\bin\tcnative-1.dll, Can't load library: C:\Users\Shree\Downloads\demo\bin\libtcnative-1.dll, no tcnative-2 in java.library.path: C:\Program Files (x86)\Application\Java\java 17 openlogic\openlogic-openjdk-17.0.10+7-windows-x64\bin;C:\Windows\Sun\Java\bin;C:\Windows\system32;C:\Windows;C:\Windows\system32;C:\Windows;C:\Windows\System32\Wbem;C:\Windows\System32\WindowsPowerShell\v1.0\;C:\Windows\System32\OpenSSH\;c:\Program Files (x86)\Intel\Intel(R) Management Engine Components\DAL;c:\Program Files\Intel\Intel(R) Management Engine Components\DAL;C:\Program Files (x86)\Pulse Secure\VC142.CRT\X64\;C:\Program Files (x86)\Pulse Secure\VC142.CRT\X86\;C:\Program Files (x86)\Common Files\Pulse Secure\TNC Client Plugin\;C:\Program Files\PuTTY\;C:\Program Files\TortoiseGit\bin;C:\Program Files (x86)\Application\apache-maven-3.9.6\bin;C:\Strawberry\c\bin;C:\Strawberry\perl\site\bin;C:\Strawberry\perl\bin;C:\Program Files (x86)\Application\apache-ant-1.10.14\bin;C:\Program Files\Git\cmd;C:\Program Files\Docker\Docker\resources\bin;C:\Program Files (x86)\Application\Java\java 17 openlogic\openlogic-openjdk-17.0.10+7-windows-x64\bin;C:\Program Files (x86)\Application\Java\java 17 openlogic\openlogic-openjre-17.0.10+7-windows-x64\bin;C:\Users\Shree\AppData\Local\Microsoft\WindowsApps;C:\Program Files\Git\bin;C:\Program Files (x86)\Application\apache-maven-3.9.6\bin;C:\Program Files (x86)\Application\apache-ant-1.10.14\bin;C:\Program Files (x86)\Application\Java\jdk-17.0.10\bin;C:\Users\Shree\AppData\Local\Programs\Microsoft VS Code\bin;C:\Program Files (x86)\Application\Java\java 17 openlogic\openlogic-openjdk-17.0.10+7-windows-x64\bin;C:\Program Files (x86)\Application\Java\java 17 openlogic\openlogic-openjre-17.0.10+7-windows-x64\bin;;., no libtcnative-2 in java.library.path: C:\Program Files (x86)\Application\Java\java 17 openlogic\openlogic-openjdk-17.0.10+7-windows-x64\bin;C:\Windows\Sun\Java\bin;C:\Windows\system32;C:\Windows;C:\Windows\system32;C:\Windows;C:\Windows\System32\Wbem;C:\Windows\System32\WindowsPowerShell\v1.0\;C:\Windows\System32\OpenSSH\;c:\Program Files (x86)\Intel\Intel(R) Management Engine Components\DAL;c:\Program Files\Intel\Intel(R) Management Engine Components\DAL;C:\Program Files (x86)\Pulse Secure\VC142.CRT\X64\;C:\Program Files (x86)\Pulse Secure\VC142.CRT\X86\;C:\Program Files (x86)\Common Files\Pulse Secure\TNC Client Plugin\;C:\Program Files\PuTTY\;C:\Program Files\TortoiseGit\bin;C:\Program Files (x86)\Application\apache-maven-3.9.6\bin;C:\Strawberry\c\bin;C:\Strawberry\perl\site\bin;C:\Strawberry\perl\bin;C:\Program Files (x86)\Application\apache-ant-1.10.14\bin;C:\Program Files\Git\cmd;C:\Program Files\Docker\Docker\resources\bin;C:\Program Files (x86)\Application\Java\java 17 openlogic\openlogic-openjdk-17.0.10+7-windows-x64\bin;C:\Program Files (x86)\Application\Java\java 17 openlogic\openlogic-openjre-17.0.10+7-windows-x64\bin;C:\Users\Shree\AppData\Local\Microsoft\WindowsApps;C:\Program Files\Git\bin;C:\Program Files (x86)\Application\apache-maven-3.9.6\bin;C:\Program Files (x86)\Application\apache-ant-1.10.14\bin;C:\Program Files (x86)\Application\Java\jdk-17.0.10\bin;C:\Users\Shree\AppData\Local\Programs\Microsoft VS Code\bin;C:\Program Files (x86)\Application\Java\java 17 openlogic\openlogic-openjdk-17.0.10+7-windows-x64\bin;C:\Program Files (x86)\Application\Java\java 17 openlogic\openlogic-openjre-17.0.10+7-windows-x64\bin;;., no tcnative-1 in java.library.path: C:\Program Files (x86)\Application\Java\java 17 openlogic\openlogic-openjdk-17.0.10+7-windows-x64\bin;C:\Windows\Sun\Java\bin;C:\Windows\system32;C:\Windows;C:\Windows\system32;C:\Windows;C:\Windows\System32\Wbem;C:\Windows\System32\WindowsPowerShell\v1.0\;C:\Windows\System32\OpenSSH\;c:\Program Files (x86)\Intel\Intel(R) Management Engine Components\DAL;c:\Program Files\Intel\Intel(R) Management Engine Components\DAL;C:\Program Files (x86)\Pulse Secure\VC142.CRT\X64\;C:\Program Files (x86)\Pulse Secure\VC142.CRT\X86\;C:\Program Files (x86)\Common Files\Pulse Secure\TNC Client Plugin\;C:\Program Files\PuTTY\;C:\Program Files\TortoiseGit\bin;C:\Program Files (x86)\Application\apache-maven-3.9.6\bin;C:\Strawberry\c\bin;C:\Strawberry\perl\site\bin;C:\Strawberry\perl\bin;C:\Program Files (x86)\Application\apache-ant-1.10.14\bin;C:\Program Files\Git\cmd;C:\Program Files\Docker\Docker\resources\bin;C:\Program Files (x86)\Application\Java\java 17 openlogic\openlogic-openjdk-17.0.10+7-windows-x64\bin;C:\Program Files (x86)\Application\Java\java 17 openlogic\openlogic-openjre-17.0.10+7-windows-x64\bin;C:\Users\Shree\AppData\Local\Microsoft\WindowsApps;C:\Program Files\Git\bin;C:\Program Files (x86)\Application\apache-maven-3.9.6\bin;C:\Program Files (x86)\Application\apache-ant-1.10.14\bin;C:\Program Files (x86)\Application\Java\jdk-17.0.10\bin;C:\Users\Shree\AppData\Local\Programs\Microsoft VS Code\bin;C:\Program Files (x86)\Application\Java\java 17 openlogic\openlogic-openjdk-17.0.10+7-windows-x64\bin;C:\Program Files (x86)\Application\Java\java 17 openlogic\openlogic-openjre-17.0.10+7-windows-x64\bin;;., no libtcnative-1 in java.library.path: C:\Program Files (x86)\Application\Java\java 17 openlogic\openlogic-openjdk-17.0.10+7-windows-x64\bin;C:\Windows\Sun\Java\bin;C:\Windows\system32;C:\Windows;C:\Windows\system32;C:\Windows;C:\Windows\System32\Wbem;C:\Windows\System32\WindowsPowerShell\v1.0\;C:\Windows\System32\OpenSSH\;c:\Program Files (x86)\Intel\Intel(R) Management Engine Components\DAL;c:\Program Files\Intel\Intel(R) Management Engine Components\DAL;C:\Program Files (x86)\Pulse Secure\VC142.CRT\X64\;C:\Program Files (x86)\Pulse Secure\VC142.CRT\X86\;C:\Program Files (x86)\Common Files\Pulse Secure\TNC Client Plugin\;C:\Program Files\PuTTY\;C:\Program Files\TortoiseGit\bin;C:\Program Files (x86)\Application\apache-maven-3.9.6\bin;C:\Strawberry\c\bin;C:\Strawberry\perl\site\bin;C:\Strawberry\perl\bin;C:\Program Files (x86)\Application\apache-ant-1.10.14\bin;C:\Program Files\Git\cmd;C:\Program Files\Docker\Docker\resources\bin;C:\Program Files (x86)\Application\Java\java 17 openlogic\openlogic-openjdk-17.0.10+7-windows-x64\bin;C:\Program Files (x86)\Application\Java\java 17 openlogic\openlogic-openjre-17.0.10+7-windows-x64\bin;C:\Users\Shree\AppData\Local\Microsoft\WindowsApps;C:\Program Files\Git\bin;C:\Program Files (x86)\Application\apache-maven-3.9.6\bin;C:\Program Files (x86)\Application\apache-ant-1.10.14\bin;C:\Program Files (x86)\Application\Java\jdk-17.0.10\bin;C:\Users\Shree\AppData\Local\Programs\Microsoft VS Code\bin;C:\Program Files (x86)\Application\Java\java 17 openlogic\openlogic-openjdk-17.0.10+7-windows-x64\bin;C:\Program Files (x86)\Application\Java\java 17 openlogic\openlogic-openjre-17.0.10+7-windows-x64\bin;;.
	at org.apache.tomcat.jni.Library.<init>(Library.java:91) ~[tomcat-embed-core-10.1.39.jar:10.1.39]
	at org.apache.tomcat.jni.Library.initialize(Library.java:147) ~[tomcat-embed-core-10.1.39.jar:10.1.39]
	at org.apache.catalina.core.AprLifecycleListener.init(AprLifecycleListener.java:211) ~[tomcat-embed-core-10.1.39.jar:10.1.39]
	at org.apache.catalina.core.AprLifecycleListener.isAprAvailable(AprLifecycleListener.java:113) ~[tomcat-embed-core-10.1.39.jar:10.1.39]
	at org.springframework.boot.autoconfigure.web.servlet.TomcatServletWebServerFactoryCustomizer.isAprAvailable(TomcatServletWebServerFactoryCustomizer.java:90) ~[spring-boot-autoconfigure-3.4.4.jar:3.4.4]
	at org.springframework.boot.autoconfigure.web.servlet.TomcatServletWebServerFactoryCustomizer.getUseApr(TomcatServletWebServerFactoryCustomizer.java:81) ~[spring-boot-autoconfigure-3.4.4.jar:3.4.4]
	at org.springframework.boot.autoconfigure.web.servlet.TomcatServletWebServerFactoryCustomizer.customize(TomcatServletWebServerFactoryCustomizer.java:63) ~[spring-boot-autoconfigure-3.4.4.jar:3.4.4]
	at org.springframework.boot.autoconfigure.web.servlet.TomcatServletWebServerFactoryCustomizer.customize(TomcatServletWebServerFactoryCustomizer.java:38) ~[spring-boot-autoconfigure-3.4.4.jar:3.4.4]
	at org.springframework.boot.web.server.WebServerFactoryCustomizerBeanPostProcessor.lambda$postProcessBeforeInitialization$0(WebServerFactoryCustomizerBeanPostProcessor.java:72) ~[spring-boot-3.4.4.jar:3.4.4]
	at org.springframework.boot.util.LambdaSafe$Callbacks.lambda$invoke$0(LambdaSafe.java:287) ~[spring-boot-3.4.4.jar:3.4.4]
	at org.springframework.boot.util.LambdaSafe$LambdaSafeCallback.invoke(LambdaSafe.java:159) ~[spring-boot-3.4.4.jar:3.4.4]
	at org.springframework.boot.util.LambdaSafe$Callbacks.lambda$invoke$1(LambdaSafe.java:286) ~[spring-boot-3.4.4.jar:3.4.4]
	at java.base/java.util.ArrayList.forEach(ArrayList.java:1511) ~[na:na]
	at java.base/java.util.Collections$UnmodifiableCollection.forEach(Collections.java:1092) ~[na:na]
	at org.springframework.boot.util.LambdaSafe$Callbacks.invoke(LambdaSafe.java:286) ~[spring-boot-3.4.4.jar:3.4.4]
	at org.springframework.boot.web.server.WebServerFactoryCustomizerBeanPostProcessor.postProcessBeforeInitialization(WebServerFactoryCustomizerBeanPostProcessor.java:72) ~[spring-boot-3.4.4.jar:3.4.4]
	at org.springframework.boot.web.server.WebServerFactoryCustomizerBeanPostProcessor.postProcessBeforeInitialization(WebServerFactoryCustomizerBeanPostProcessor.java:58) ~[spring-boot-3.4.4.jar:3.4.4]
	at org.springframework.beans.factory.support.AbstractAutowireCapableBeanFactory.applyBeanPostProcessorsBeforeInitialization(AbstractAutowireCapableBeanFactory.java:423) ~[spring-beans-6.2.5.jar:6.2.5]
	at org.springframework.beans.factory.support.AbstractAutowireCapableBeanFactory.initializeBean(AbstractAutowireCapableBeanFactory.java:1804) ~[spring-beans-6.2.5.jar:6.2.5]
	at org.springframework.beans.factory.support.AbstractAutowireCapableBeanFactory.doCreateBean(AbstractAutowireCapableBeanFactory.java:601) ~[spring-beans-6.2.5.jar:6.2.5]
	at org.springframework.beans.factory.support.AbstractAutowireCapableBeanFactory.createBean(AbstractAutowireCapableBeanFactory.java:523) ~[spring-beans-6.2.5.jar:6.2.5]
	at org.springframework.beans.factory.support.AbstractBeanFactory.lambda$doGetBean$0(AbstractBeanFactory.java:339) ~[spring-beans-6.2.5.jar:6.2.5]
	at org.springframework.beans.factory.support.DefaultSingletonBeanRegistry.getSingleton(DefaultSingletonBeanRegistry.java:347) ~[spring-beans-6.2.5.jar:6.2.5]
	at org.springframework.beans.factory.support.AbstractBeanFactory.doGetBean(AbstractBeanFactory.java:337) ~[spring-beans-6.2.5.jar:6.2.5]
	at org.springframework.beans.factory.support.AbstractBeanFactory.getBean(AbstractBeanFactory.java:207) ~[spring-beans-6.2.5.jar:6.2.5]
	at org.springframework.boot.web.servlet.context.ServletWebServerApplicationContext.getWebServerFactory(ServletWebServerApplicationContext.java:228) ~[spring-boot-3.4.4.jar:3.4.4]
	at org.springframework.boot.web.servlet.context.ServletWebServerApplicationContext.createWebServer(ServletWebServerApplicationContext.java:191) ~[spring-boot-3.4.4.jar:3.4.4]
	at org.springframework.boot.web.servlet.context.ServletWebServerApplicationContext.onRefresh(ServletWebServerApplicationContext.java:167) ~[spring-boot-3.4.4.jar:3.4.4]
	at org.springframework.context.support.AbstractApplicationContext.refresh(AbstractApplicationContext.java:621) ~[spring-context-6.2.5.jar:6.2.5]
	at org.springframework.boot.web.servlet.context.ServletWebServerApplicationContext.refresh(ServletWebServerApplicationContext.java:146) ~[spring-boot-3.4.4.jar:3.4.4]
	at org.springframework.boot.SpringApplication.refresh(SpringApplication.java:752) ~[spring-boot-3.4.4.jar:3.4.4]
	at org.springframework.boot.SpringApplication.refreshContext(SpringApplication.java:439) ~[spring-boot-3.4.4.jar:3.4.4]
	at org.springframework.boot.SpringApplication.run(SpringApplication.java:318) ~[spring-boot-3.4.4.jar:3.4.4]
	at org.springframework.boot.SpringApplication.run(SpringApplication.java:1361) ~[spring-boot-3.4.4.jar:3.4.4]
	at org.springframework.boot.SpringApplication.run(SpringApplication.java:1350) ~[spring-boot-3.4.4.jar:3.4.4]
	at com.example.demo.DemoApplication.main(DemoApplication.java:10) ~[classes/:na]

2025-03-29T12:39:07.156+05:30 DEBUG 1880 --- [demo] [main] o.apache.tomcat.util.compat.Jre19Compat  : Class not found so assuming code is running on a pre-Java 19 JVM

java.lang.ClassNotFoundException: java.lang.WrongThreadException
	at java.base/jdk.internal.loader.BuiltinClassLoader.loadClass(BuiltinClassLoader.java:641) ~[na:na]
	at java.base/jdk.internal.loader.ClassLoaders$AppClassLoader.loadClass(ClassLoaders.java:188) ~[na:na]
	at java.base/java.lang.ClassLoader.loadClass(ClassLoader.java:525) ~[na:na]
	at java.base/java.lang.Class.forName0(Native Method) ~[na:na]
	at java.base/java.lang.Class.forName(Class.java:375) ~[na:na]
	at org.apache.tomcat.util.compat.Jre19Compat.<clinit>(Jre19Compat.java:37) ~[tomcat-embed-core-10.1.39.jar:10.1.39]
	at org.apache.tomcat.util.compat.JreCompat.<clinit>(JreCompat.java:74) ~[tomcat-embed-core-10.1.39.jar:10.1.39]
	at org.apache.catalina.startup.Tomcat.<clinit>(Tomcat.java:1193) ~[tomcat-embed-core-10.1.39.jar:10.1.39]
	at org.springframework.boot.web.embedded.tomcat.TomcatServletWebServerFactory.getWebServer(TomcatServletWebServerFactory.java:200) ~[spring-boot-3.4.4.jar:3.4.4]
	at org.springframework.boot.web.servlet.context.ServletWebServerApplicationContext.createWebServer(ServletWebServerApplicationContext.java:193) ~[spring-boot-3.4.4.jar:3.4.4]
	at org.springframework.boot.web.servlet.context.ServletWebServerApplicationContext.onRefresh(ServletWebServerApplicationContext.java:167) ~[spring-boot-3.4.4.jar:3.4.4]
	at org.springframework.context.support.AbstractApplicationContext.refresh(AbstractApplicationContext.java:621) ~[spring-context-6.2.5.jar:6.2.5]
	at org.springframework.boot.web.servlet.context.ServletWebServerApplicationContext.refresh(ServletWebServerApplicationContext.java:146) ~[spring-boot-3.4.4.jar:3.4.4]
	at org.springframework.boot.SpringApplication.refresh(SpringApplication.java:752) ~[spring-boot-3.4.4.jar:3.4.4]
	at org.springframework.boot.SpringApplication.refreshContext(SpringApplication.java:439) ~[spring-boot-3.4.4.jar:3.4.4]
	at org.springframework.boot.SpringApplication.run(SpringApplication.java:318) ~[spring-boot-3.4.4.jar:3.4.4]
	at org.springframework.boot.SpringApplication.run(SpringApplication.java:1361) ~[spring-boot-3.4.4.jar:3.4.4]
	at org.springframework.boot.SpringApplication.run(SpringApplication.java:1350) ~[spring-boot-3.4.4.jar:3.4.4]
	at com.example.demo.DemoApplication.main(DemoApplication.java:10) ~[classes/:na]

2025-03-29T12:39:07.157+05:30 DEBUG 1880 --- [demo] [main] o.apache.tomcat.util.compat.Jre21Compat  : Class not found so assuming code is running on a pre-Java 21 JVM

java.lang.ClassNotFoundException: java.util.SequencedCollection
	at java.base/jdk.internal.loader.BuiltinClassLoader.loadClass(BuiltinClassLoader.java:641) ~[na:na]
	at java.base/jdk.internal.loader.ClassLoaders$AppClassLoader.loadClass(ClassLoaders.java:188) ~[na:na]
	at java.base/java.lang.ClassLoader.loadClass(ClassLoader.java:525) ~[na:na]
	at java.base/java.lang.Class.forName0(Native Method) ~[na:na]
	at java.base/java.lang.Class.forName(Class.java:375) ~[na:na]
	at org.apache.tomcat.util.compat.Jre21Compat.<clinit>(Jre21Compat.java:53) ~[tomcat-embed-core-10.1.39.jar:10.1.39]
	at org.apache.tomcat.util.compat.JreCompat.<clinit>(JreCompat.java:74) ~[tomcat-embed-core-10.1.39.jar:10.1.39]
	at org.apache.catalina.startup.Tomcat.<clinit>(Tomcat.java:1193) ~[tomcat-embed-core-10.1.39.jar:10.1.39]
	at org.springframework.boot.web.embedded.tomcat.TomcatServletWebServerFactory.getWebServer(TomcatServletWebServerFactory.java:200) ~[spring-boot-3.4.4.jar:3.4.4]
	at org.springframework.boot.web.servlet.context.ServletWebServerApplicationContext.createWebServer(ServletWebServerApplicationContext.java:193) ~[spring-boot-3.4.4.jar:3.4.4]
	at org.springframework.boot.web.servlet.context.ServletWebServerApplicationContext.onRefresh(ServletWebServerApplicationContext.java:167) ~[spring-boot-3.4.4.jar:3.4.4]
	at org.springframework.context.support.AbstractApplicationContext.refresh(AbstractApplicationContext.java:621) ~[spring-context-6.2.5.jar:6.2.5]
	at org.springframework.boot.web.servlet.context.ServletWebServerApplicationContext.refresh(ServletWebServerApplicationContext.java:146) ~[spring-boot-3.4.4.jar:3.4.4]
	at org.springframework.boot.SpringApplication.refresh(SpringApplication.java:752) ~[spring-boot-3.4.4.jar:3.4.4]
	at org.springframework.boot.SpringApplication.refreshContext(SpringApplication.java:439) ~[spring-boot-3.4.4.jar:3.4.4]
	at org.springframework.boot.SpringApplication.run(SpringApplication.java:318) ~[spring-boot-3.4.4.jar:3.4.4]
	at org.springframework.boot.SpringApplication.run(SpringApplication.java:1361) ~[spring-boot-3.4.4.jar:3.4.4]
	at org.springframework.boot.SpringApplication.run(SpringApplication.java:1350) ~[spring-boot-3.4.4.jar:3.4.4]
	at com.example.demo.DemoApplication.main(DemoApplication.java:10) ~[classes/:na]

2025-03-29T12:39:07.238+05:30 DEBUG 1880 --- [demo] [main] o.apache.tomcat.util.compat.Jre22Compat  : Class not found so assuming code is running on a pre-Java 22 JVM

java.lang.ClassNotFoundException: java.text.ListFormat
	at java.base/jdk.internal.loader.BuiltinClassLoader.loadClass(BuiltinClassLoader.java:641) ~[na:na]
	at java.base/jdk.internal.loader.ClassLoaders$AppClassLoader.loadClass(ClassLoaders.java:188) ~[na:na]
	at java.base/java.lang.ClassLoader.loadClass(ClassLoader.java:525) ~[na:na]
	at java.base/java.lang.Class.forName0(Native Method) ~[na:na]
	at java.base/java.lang.Class.forName(Class.java:375) ~[na:na]
	at org.apache.tomcat.util.compat.Jre22Compat.<clinit>(Jre22Compat.java:37) ~[tomcat-embed-core-10.1.39.jar:10.1.39]
	at org.apache.tomcat.util.compat.JreCompat.<clinit>(JreCompat.java:74) ~[tomcat-embed-core-10.1.39.jar:10.1.39]
	at org.apache.catalina.startup.Tomcat.<clinit>(Tomcat.java:1193) ~[tomcat-embed-core-10.1.39.jar:10.1.39]
	at org.springframework.boot.web.embedded.tomcat.TomcatServletWebServerFactory.getWebServer(TomcatServletWebServerFactory.java:200) ~[spring-boot-3.4.4.jar:3.4.4]
	at org.springframework.boot.web.servlet.context.ServletWebServerApplicationContext.createWebServer(ServletWebServerApplicationContext.java:193) ~[spring-boot-3.4.4.jar:3.4.4]
	at org.springframework.boot.web.servlet.context.ServletWebServerApplicationContext.onRefresh(ServletWebServerApplicationContext.java:167) ~[spring-boot-3.4.4.jar:3.4.4]
	at org.springframework.context.support.AbstractApplicationContext.refresh(AbstractApplicationContext.java:621) ~[spring-context-6.2.5.jar:6.2.5]
	at org.springframework.boot.web.servlet.context.ServletWebServerApplicationContext.refresh(ServletWebServerApplicationContext.java:146) ~[spring-boot-3.4.4.jar:3.4.4]
	at org.springframework.boot.SpringApplication.refresh(SpringApplication.java:752) ~[spring-boot-3.4.4.jar:3.4.4]
	at org.springframework.boot.SpringApplication.refreshContext(SpringApplication.java:439) ~[spring-boot-3.4.4.jar:3.4.4]
	at org.springframework.boot.SpringApplication.run(SpringApplication.java:318) ~[spring-boot-3.4.4.jar:3.4.4]
	at org.springframework.boot.SpringApplication.run(SpringApplication.java:1361) ~[spring-boot-3.4.4.jar:3.4.4]
	at org.springframework.boot.SpringApplication.run(SpringApplication.java:1350) ~[spring-boot-3.4.4.jar:3.4.4]
	at com.example.demo.DemoApplication.main(DemoApplication.java:10) ~[classes/:na]

2025-03-29T12:39:07.304+05:30 DEBUG 1880 --- [demo] [main] org.apache.catalina.core.ContainerBase   : Add container child [StandardHost[localhost]] to container [StandardEngine[Tomcat]]
2025-03-29T12:39:07.444+05:30 DEBUG 1880 --- [demo] [main] org.apache.catalina.core.ContainerBase   : Add container child [TomcatEmbeddedContext[]] to container [StandardEngine[Tomcat].StandardHost[localhost]]
2025-03-29T12:39:07.449+05:30  INFO 1880 --- [demo] [main] o.s.b.w.embedded.tomcat.TomcatWebServer  : Tomcat initialized with port 8080 (http)
2025-03-29T12:39:07.462+05:30  INFO 1880 --- [demo] [main] o.apache.catalina.core.StandardService   : Starting service [Tomcat]
2025-03-29T12:39:07.463+05:30  INFO 1880 --- [demo] [main] o.apache.catalina.core.StandardEngine    : Starting Servlet engine: [Apache Tomcat/10.1.39]
2025-03-29T12:39:07.502+05:30 DEBUG 1880 --- [demo] [main] o.apache.catalina.loader.WebappLoader    : Starting this Loader
2025-03-29T12:39:07.507+05:30 DEBUG 1880 --- [demo] [main] org.apache.catalina.webresources.Cache   : Increased cache size by [531] for item [org.apache.catalina.webresources.CachedResource@56637cff] at [/WEB-INF/classes] making total cache size [531]
2025-03-29T12:39:07.512+05:30 DEBUG 1880 --- [demo] [main] o.apache.catalina.core.StandardContext   : No manager found. Checking if cluster manager should be used. Cluster configured: [false], Application distributable: [false]
2025-03-29T12:39:07.517+05:30 DEBUG 1880 --- [demo] [main] o.apache.catalina.core.StandardContext   : Configured a manager of class [org.apache.catalina.session.StandardManager]
2025-03-29T12:39:07.523+05:30  INFO 1880 --- [demo] [main] o.a.c.c.C.[Tomcat].[localhost].[/]       : Initializing Spring embedded WebApplicationContext
2025-03-29T12:39:07.524+05:30  INFO 1880 --- [demo] [main] w.s.c.ServletWebServerApplicationContext : Root WebApplicationContext: initialization completed in 1268 ms
2025-03-29T12:39:07.640+05:30 DEBUG 1880 --- [demo] [main] org.apache.catalina.core.ContainerBase   : Add container child [StandardWrapper[dispatcherServlet]] to container [StandardEngine[Tomcat].StandardHost[localhost].TomcatEmbeddedContext[]]
2025-03-29T12:39:07.666+05:30 DEBUG 1880 --- [demo] [main] o.s.w.f.ServerHttpObservationFilter      : Filter 'webMvcObservationFilter' configured for use
2025-03-29T12:39:07.670+05:30 DEBUG 1880 --- [demo] [main] org.apache.catalina.mapper.Mapper        : Registered host [localhost]
2025-03-29T12:39:07.671+05:30 DEBUG 1880 --- [demo] [main] o.apache.catalina.mapper.MapperListener  : Register Wrapper [dispatcherServlet] in Context [] for service [StandardService[Tomcat]]
2025-03-29T12:39:07.672+05:30 DEBUG 1880 --- [demo] [main] o.apache.catalina.mapper.MapperListener  : Register Context [] for service [StandardService[Tomcat]]
2025-03-29T12:39:07.672+05:30 DEBUG 1880 --- [demo] [main] o.apache.catalina.mapper.MapperListener  : Register host [localhost] at domain [null] for service [StandardService[Tomcat]]
2025-03-29T12:39:07.715+05:30 DEBUG 1880 --- [demo] [main] org.apache.catalina.webresources.Cache   : Increased cache size by [521] for item [org.apache.catalina.webresources.CachedResource@697173d9] at [/index.html] making total cache size [1052]
2025-03-29T12:39:07.772+05:30 DEBUG 1880 --- [demo] [main] s.w.s.m.m.a.RequestMappingHandlerMapping : 3 mappings in 'requestMappingHandlerMapping'
2025-03-29T12:39:07.821+05:30 DEBUG 1880 --- [demo] [main] org.apache.catalina.webresources.Cache   : Increased cache size by [501] for item [org.apache.catalina.webresources.CachedResource@6ff0b1cc] at [/] making total cache size [1553]
2025-03-29T12:39:07.823+05:30 DEBUG 1880 --- [demo] [main] o.s.w.s.handler.SimpleUrlHandlerMapping  : Patterns [/webjars/**, /**] in 'resourceHandlerMapping'
2025-03-29T12:39:07.845+05:30 DEBUG 1880 --- [demo] [main] s.w.s.m.m.a.RequestMappingHandlerAdapter : ControllerAdvice beans: 0 @ModelAttribute, 0 @InitBinder, 1 RequestBodyAdvice, 1 ResponseBodyAdvice
2025-03-29T12:39:07.887+05:30 DEBUG 1880 --- [demo] [main] .m.m.a.ExceptionHandlerExceptionResolver : ControllerAdvice beans: 0 @ExceptionHandler, 1 ResponseBodyAdvice
2025-03-29T12:39:08.054+05:30  INFO 1880 --- [demo] [main] o.s.b.a.e.web.EndpointLinksResolver      : Exposing 15 endpoints beneath base path '/actuator'
2025-03-29T12:39:08.114+05:30  INFO 1880 --- [demo] [main] o.s.b.w.embedded.tomcat.TomcatWebServer  : Tomcat started on port 8080 (http) with context path '/'
2025-03-29T12:39:08.129+05:30  INFO 1880 --- [demo] [main] com.example.demo.DemoApplication         : Started DemoApplication in 2.418 seconds (process running for 2.71)
2025-03-29T12:39:53.702+05:30 DEBUG 1880 --- [demo] [http-nio-8080-exec-1] o.a.c.a.jaspic.AuthConfigFactoryImpl     : Loading persistent provider registrations from [C:\Users\Shree\Downloads\demo\logs\conf\jaspic-providers.xml]
2025-03-29T12:39:53.702+05:30  INFO 1880 --- [demo] [http-nio-8080-exec-1] o.a.c.c.C.[Tomcat].[localhost].[/]       : Initializing Spring DispatcherServlet 'dispatcherServlet'
2025-03-29T12:39:53.702+05:30  INFO 1880 --- [demo] [http-nio-8080-exec-1] o.s.web.servlet.DispatcherServlet        : Initializing Servlet 'dispatcherServlet'
2025-03-29T12:39:53.702+05:30 DEBUG 1880 --- [demo] [http-nio-8080-exec-1] o.s.web.servlet.DispatcherServlet        : Detected StandardServletMultipartResolver
2025-03-29T12:39:53.702+05:30 DEBUG 1880 --- [demo] [http-nio-8080-exec-1] o.s.web.servlet.DispatcherServlet        : Detected AcceptHeaderLocaleResolver
2025-03-29T12:39:53.702+05:30 DEBUG 1880 --- [demo] [http-nio-8080-exec-1] o.s.web.servlet.DispatcherServlet        : Detected FixedThemeResolver
2025-03-29T12:39:53.719+05:30 DEBUG 1880 --- [demo] [http-nio-8080-exec-1] o.s.web.servlet.DispatcherServlet        : Detected org.springframework.web.servlet.view.DefaultRequestToViewNameTranslator@18d2d546
2025-03-29T12:39:53.719+05:30 DEBUG 1880 --- [demo] [http-nio-8080-exec-1] o.s.web.servlet.DispatcherServlet        : Detected org.springframework.web.servlet.support.SessionFlashMapManager@247afb82
2025-03-29T12:39:53.719+05:30 DEBUG 1880 --- [demo] [http-nio-8080-exec-1] o.s.web.servlet.DispatcherServlet        : enableLoggingRequestDetails='false': request parameters and headers will be masked to prevent unsafe logging of potentially sensitive data
2025-03-29T12:39:53.719+05:30  INFO 1880 --- [demo] [http-nio-8080-exec-1] o.s.web.servlet.DispatcherServlet        : Completed initialization in 17 ms
2025-03-29T12:39:53.736+05:30 DEBUG 1880 --- [demo] [http-nio-8080-exec-1] o.s.web.servlet.DispatcherServlet        : GET "/hello", parameters={}
2025-03-29T12:39:53.736+05:30 DEBUG 1880 --- [demo] [http-nio-8080-exec-1] o.s.w.s.handler.SimpleUrlHandlerMapping  : Mapped to ResourceHttpRequestHandler [classpath [META-INF/resources/], classpath [resources/], classpath [static/], classpath [public/], ServletContext [/]]
2025-03-29T12:39:53.752+05:30 DEBUG 1880 --- [demo] [http-nio-8080-exec-1] org.apache.catalina.webresources.Cache   : Increased cache size by [511] for item [org.apache.catalina.webresources.CachedResource@259d9ac5] at [/hello] making total cache size [2064]
2025-03-29T12:39:53.752+05:30 DEBUG 1880 --- [demo] [http-nio-8080-exec-1] o.s.w.s.r.ResourceHttpRequestHandler     : Resource not found
2025-03-29T12:39:53.752+05:30 DEBUG 1880 --- [demo] [http-nio-8080-exec-1] .w.s.m.s.DefaultHandlerExceptionResolver : Resolved [org.springframework.web.servlet.resource.NoResourceFoundException: No static resource hello.]
2025-03-29T12:39:53.752+05:30 DEBUG 1880 --- [demo] [http-nio-8080-exec-1] o.s.web.servlet.DispatcherServlet        : Completed 404 NOT_FOUND
2025-03-29T12:39:53.770+05:30 DEBUG 1880 --- [demo] [http-nio-8080-exec-1] o.s.web.servlet.DispatcherServlet        : "ERROR" dispatch for GET "/error", parameters={}
2025-03-29T12:39:53.770+05:30 DEBUG 1880 --- [demo] [http-nio-8080-exec-1] s.w.s.m.m.a.RequestMappingHandlerMapping : Mapped to org.springframework.boot.autoconfigure.web.servlet.error.BasicErrorController#errorHtml(HttpServletRequest, HttpServletResponse)
2025-03-29T12:39:53.797+05:30 DEBUG 1880 --- [demo] [http-nio-8080-exec-1] o.s.w.s.v.ContentNegotiatingViewResolver : Selected 'text/html' given [text/html, text/html;q=0.8]
2025-03-29T12:39:53.804+05:30 DEBUG 1880 --- [demo] [http-nio-8080-exec-1] o.s.web.servlet.DispatcherServlet        : Exiting from "ERROR" dispatch, status 404
2025-03-29T12:41:00.620+05:30  INFO 1880 --- [demo] [SpringApplicationShutdownHook] o.s.b.w.e.tomcat.GracefulShutdown        : Commencing graceful shutdown. Waiting for active requests to complete
2025-03-29T12:41:00.792+05:30  INFO 1880 --- [demo] [tomcat-shutdown] o.s.b.w.e.tomcat.GracefulShutdown        : Graceful shutdown complete
2025-03-29T12:45:05.112+05:30  INFO 17688 --- [demo] [main] com.example.demo.DemoApplication         : Starting DemoApplication using Java 17.0.10 with PID 17688 (C:\Users\Shree\Downloads\demo\target\classes started by Shree in C:\Users\Shree\Downloads\demo)
2025-03-29T12:45:05.116+05:30  INFO 17688 --- [demo] [main] com.example.demo.DemoApplication         : No active profile set, falling back to 1 default profile: "default"
2025-03-29T12:45:06.087+05:30 DEBUG 17688 --- [demo] [main] o.a.catalina.core.AprLifecycleListener   : The Apache Tomcat Native library could not be found using names [tcnative-2, libtcnative-2, tcnative-1, libtcnative-1] on the java.library.path [C:\Program Files (x86)\Application\Java\java 17 openlogic\openlogic-openjdk-17.0.10+7-windows-x64\bin;C:\Windows\Sun\Java\bin;C:\Windows\system32;C:\Windows;C:\Windows\system32;C:\Windows;C:\Windows\System32\Wbem;C:\Windows\System32\WindowsPowerShell\v1.0\;C:\Windows\System32\OpenSSH\;c:\Program Files (x86)\Intel\Intel(R) Management Engine Components\DAL;c:\Program Files\Intel\Intel(R) Management Engine Components\DAL;C:\Program Files (x86)\Pulse Secure\VC142.CRT\X64\;C:\Program Files (x86)\Pulse Secure\VC142.CRT\X86\;C:\Program Files (x86)\Common Files\Pulse Secure\TNC Client Plugin\;C:\Program Files\PuTTY\;C:\Program Files\TortoiseGit\bin;C:\Program Files (x86)\Application\apache-maven-3.9.6\bin;C:\Strawberry\c\bin;C:\Strawberry\perl\site\bin;C:\Strawberry\perl\bin;C:\Program Files (x86)\Application\apache-ant-1.10.14\bin;C:\Program Files\Git\cmd;C:\Program Files\Docker\Docker\resources\bin;C:\Program Files (x86)\Application\Java\java 17 openlogic\openlogic-openjdk-17.0.10+7-windows-x64\bin;C:\Program Files (x86)\Application\Java\java 17 openlogic\openlogic-openjre-17.0.10+7-windows-x64\bin;C:\Users\Shree\AppData\Local\Microsoft\WindowsApps;C:\Program Files\Git\bin;C:\Program Files (x86)\Application\apache-maven-3.9.6\bin;C:\Program Files (x86)\Application\apache-ant-1.10.14\bin;C:\Program Files (x86)\Application\Java\jdk-17.0.10\bin;C:\Users\Shree\AppData\Local\Programs\Microsoft VS Code\bin;C:\Program Files (x86)\Application\Java\java 17 openlogic\openlogic-openjdk-17.0.10+7-windows-x64\bin;C:\Program Files (x86)\Application\Java\java 17 openlogic\openlogic-openjre-17.0.10+7-windows-x64\bin;;.]. The errors reported were [Can't load library: C:\Users\Shree\Downloads\demo\bin\tcnative-2.dll, Can't load library: C:\Users\Shree\Downloads\demo\bin\libtcnative-2.dll, Can't load library: C:\Users\Shree\Downloads\demo\bin\tcnative-1.dll, Can't load library: C:\Users\Shree\Downloads\demo\bin\libtcnative-1.dll, no tcnative-2 in java.library.path: C:\Program Files (x86)\Application\Java\java 17 openlogic\openlogic-openjdk-17.0.10+7-windows-x64\bin;C:\Windows\Sun\Java\bin;C:\Windows\system32;C:\Windows;C:\Windows\system32;C:\Windows;C:\Windows\System32\Wbem;C:\Windows\System32\WindowsPowerShell\v1.0\;C:\Windows\System32\OpenSSH\;c:\Program Files (x86)\Intel\Intel(R) Management Engine Components\DAL;c:\Program Files\Intel\Intel(R) Management Engine Components\DAL;C:\Program Files (x86)\Pulse Secure\VC142.CRT\X64\;C:\Program Files (x86)\Pulse Secure\VC142.CRT\X86\;C:\Program Files (x86)\Common Files\Pulse Secure\TNC Client Plugin\;C:\Program Files\PuTTY\;C:\Program Files\TortoiseGit\bin;C:\Program Files (x86)\Application\apache-maven-3.9.6\bin;C:\Strawberry\c\bin;C:\Strawberry\perl\site\bin;C:\Strawberry\perl\bin;C:\Program Files (x86)\Application\apache-ant-1.10.14\bin;C:\Program Files\Git\cmd;C:\Program Files\Docker\Docker\resources\bin;C:\Program Files (x86)\Application\Java\java 17 openlogic\openlogic-openjdk-17.0.10+7-windows-x64\bin;C:\Program Files (x86)\Application\Java\java 17 openlogic\openlogic-openjre-17.0.10+7-windows-x64\bin;C:\Users\Shree\AppData\Local\Microsoft\WindowsApps;C:\Program Files\Git\bin;C:\Program Files (x86)\Application\apache-maven-3.9.6\bin;C:\Program Files (x86)\Application\apache-ant-1.10.14\bin;C:\Program Files (x86)\Application\Java\jdk-17.0.10\bin;C:\Users\Shree\AppData\Local\Programs\Microsoft VS Code\bin;C:\Program Files (x86)\Application\Java\java 17 openlogic\openlogic-openjdk-17.0.10+7-windows-x64\bin;C:\Program Files (x86)\Application\Java\java 17 openlogic\openlogic-openjre-17.0.10+7-windows-x64\bin;;., no libtcnative-2 in java.library.path: C:\Program Files (x86)\Application\Java\java 17 openlogic\openlogic-openjdk-17.0.10+7-windows-x64\bin;C:\Windows\Sun\Java\bin;C:\Windows\system32;C:\Windows;C:\Windows\system32;C:\Windows;C:\Windows\System32\Wbem;C:\Windows\System32\WindowsPowerShell\v1.0\;C:\Windows\System32\OpenSSH\;c:\Program Files (x86)\Intel\Intel(R) Management Engine Components\DAL;c:\Program Files\Intel\Intel(R) Management Engine Components\DAL;C:\Program Files (x86)\Pulse Secure\VC142.CRT\X64\;C:\Program Files (x86)\Pulse Secure\VC142.CRT\X86\;C:\Program Files (x86)\Common Files\Pulse Secure\TNC Client Plugin\;C:\Program Files\PuTTY\;C:\Program Files\TortoiseGit\bin;C:\Program Files (x86)\Application\apache-maven-3.9.6\bin;C:\Strawberry\c\bin;C:\Strawberry\perl\site\bin;C:\Strawberry\perl\bin;C:\Program Files (x86)\Application\apache-ant-1.10.14\bin;C:\Program Files\Git\cmd;C:\Program Files\Docker\Docker\resources\bin;C:\Program Files (x86)\Application\Java\java 17 openlogic\openlogic-openjdk-17.0.10+7-windows-x64\bin;C:\Program Files (x86)\Application\Java\java 17 openlogic\openlogic-openjre-17.0.10+7-windows-x64\bin;C:\Users\Shree\AppData\Local\Microsoft\WindowsApps;C:\Program Files\Git\bin;C:\Program Files (x86)\Application\apache-maven-3.9.6\bin;C:\Program Files (x86)\Application\apache-ant-1.10.14\bin;C:\Program Files (x86)\Application\Java\jdk-17.0.10\bin;C:\Users\Shree\AppData\Local\Programs\Microsoft VS Code\bin;C:\Program Files (x86)\Application\Java\java 17 openlogic\openlogic-openjdk-17.0.10+7-windows-x64\bin;C:\Program Files (x86)\Application\Java\java 17 openlogic\openlogic-openjre-17.0.10+7-windows-x64\bin;;., no tcnative-1 in java.library.path: C:\Program Files (x86)\Application\Java\java 17 openlogic\openlogic-openjdk-17.0.10+7-windows-x64\bin;C:\Windows\Sun\Java\bin;C:\Windows\system32;C:\Windows;C:\Windows\system32;C:\Windows;C:\Windows\System32\Wbem;C:\Windows\System32\WindowsPowerShell\v1.0\;C:\Windows\System32\OpenSSH\;c:\Program Files (x86)\Intel\Intel(R) Management Engine Components\DAL;c:\Program Files\Intel\Intel(R) Management Engine Components\DAL;C:\Program Files (x86)\Pulse Secure\VC142.CRT\X64\;C:\Program Files (x86)\Pulse Secure\VC142.CRT\X86\;C:\Program Files (x86)\Common Files\Pulse Secure\TNC Client Plugin\;C:\Program Files\PuTTY\;C:\Program Files\TortoiseGit\bin;C:\Program Files (x86)\Application\apache-maven-3.9.6\bin;C:\Strawberry\c\bin;C:\Strawberry\perl\site\bin;C:\Strawberry\perl\bin;C:\Program Files (x86)\Application\apache-ant-1.10.14\bin;C:\Program Files\Git\cmd;C:\Program Files\Docker\Docker\resources\bin;C:\Program Files (x86)\Application\Java\java 17 openlogic\openlogic-openjdk-17.0.10+7-windows-x64\bin;C:\Program Files (x86)\Application\Java\java 17 openlogic\openlogic-openjre-17.0.10+7-windows-x64\bin;C:\Users\Shree\AppData\Local\Microsoft\WindowsApps;C:\Program Files\Git\bin;C:\Program Files (x86)\Application\apache-maven-3.9.6\bin;C:\Program Files (x86)\Application\apache-ant-1.10.14\bin;C:\Program Files (x86)\Application\Java\jdk-17.0.10\bin;C:\Users\Shree\AppData\Local\Programs\Microsoft VS Code\bin;C:\Program Files (x86)\Application\Java\java 17 openlogic\openlogic-openjdk-17.0.10+7-windows-x64\bin;C:\Program Files (x86)\Application\Java\java 17 openlogic\openlogic-openjre-17.0.10+7-windows-x64\bin;;., no libtcnative-1 in java.library.path: C:\Program Files (x86)\Application\Java\java 17 openlogic\openlogic-openjdk-17.0.10+7-windows-x64\bin;C:\Windows\Sun\Java\bin;C:\Windows\system32;C:\Windows;C:\Windows\system32;C:\Windows;C:\Windows\System32\Wbem;C:\Windows\System32\WindowsPowerShell\v1.0\;C:\Windows\System32\OpenSSH\;c:\Program Files (x86)\Intel\Intel(R) Management Engine Components\DAL;c:\Program Files\Intel\Intel(R) Management Engine Components\DAL;C:\Program Files (x86)\Pulse Secure\VC142.CRT\X64\;C:\Program Files (x86)\Pulse Secure\VC142.CRT\X86\;C:\Program Files (x86)\Common Files\Pulse Secure\TNC Client Plugin\;C:\Program Files\PuTTY\;C:\Program Files\TortoiseGit\bin;C:\Program Files (x86)\Application\apache-maven-3.9.6\bin;C:\Strawberry\c\bin;C:\Strawberry\perl\site\bin;C:\Strawberry\perl\bin;C:\Program Files (x86)\Application\apache-ant-1.10.14\bin;C:\Program Files\Git\cmd;C:\Program Files\Docker\Docker\resources\bin;C:\Program Files (x86)\Application\Java\java 17 openlogic\openlogic-openjdk-17.0.10+7-windows-x64\bin;C:\Program Files (x86)\Application\Java\java 17 openlogic\openlogic-openjre-17.0.10+7-windows-x64\bin;C:\Users\Shree\AppData\Local\Microsoft\WindowsApps;C:\Program Files\Git\bin;C:\Program Files (x86)\Application\apache-maven-3.9.6\bin;C:\Program Files (x86)\Application\apache-ant-1.10.14\bin;C:\Program Files (x86)\Application\Java\jdk-17.0.10\bin;C:\Users\Shree\AppData\Local\Programs\Microsoft VS Code\bin;C:\Program Files (x86)\Application\Java\java 17 openlogic\openlogic-openjdk-17.0.10+7-windows-x64\bin;C:\Program Files (x86)\Application\Java\java 17 openlogic\openlogic-openjre-17.0.10+7-windows-x64\bin;;.]

org.apache.tomcat.jni.LibraryNotFoundError: Can't load library: C:\Users\Shree\Downloads\demo\bin\tcnative-2.dll, Can't load library: C:\Users\Shree\Downloads\demo\bin\libtcnative-2.dll, Can't load library: C:\Users\Shree\Downloads\demo\bin\tcnative-1.dll, Can't load library: C:\Users\Shree\Downloads\demo\bin\libtcnative-1.dll, no tcnative-2 in java.library.path: C:\Program Files (x86)\Application\Java\java 17 openlogic\openlogic-openjdk-17.0.10+7-windows-x64\bin;C:\Windows\Sun\Java\bin;C:\Windows\system32;C:\Windows;C:\Windows\system32;C:\Windows;C:\Windows\System32\Wbem;C:\Windows\System32\WindowsPowerShell\v1.0\;C:\Windows\System32\OpenSSH\;c:\Program Files (x86)\Intel\Intel(R) Management Engine Components\DAL;c:\Program Files\Intel\Intel(R) Management Engine Components\DAL;C:\Program Files (x86)\Pulse Secure\VC142.CRT\X64\;C:\Program Files (x86)\Pulse Secure\VC142.CRT\X86\;C:\Program Files (x86)\Common Files\Pulse Secure\TNC Client Plugin\;C:\Program Files\PuTTY\;C:\Program Files\TortoiseGit\bin;C:\Program Files (x86)\Application\apache-maven-3.9.6\bin;C:\Strawberry\c\bin;C:\Strawberry\perl\site\bin;C:\Strawberry\perl\bin;C:\Program Files (x86)\Application\apache-ant-1.10.14\bin;C:\Program Files\Git\cmd;C:\Program Files\Docker\Docker\resources\bin;C:\Program Files (x86)\Application\Java\java 17 openlogic\openlogic-openjdk-17.0.10+7-windows-x64\bin;C:\Program Files (x86)\Application\Java\java 17 openlogic\openlogic-openjre-17.0.10+7-windows-x64\bin;C:\Users\Shree\AppData\Local\Microsoft\WindowsApps;C:\Program Files\Git\bin;C:\Program Files (x86)\Application\apache-maven-3.9.6\bin;C:\Program Files (x86)\Application\apache-ant-1.10.14\bin;C:\Program Files (x86)\Application\Java\jdk-17.0.10\bin;C:\Users\Shree\AppData\Local\Programs\Microsoft VS Code\bin;C:\Program Files (x86)\Application\Java\java 17 openlogic\openlogic-openjdk-17.0.10+7-windows-x64\bin;C:\Program Files (x86)\Application\Java\java 17 openlogic\openlogic-openjre-17.0.10+7-windows-x64\bin;;., no libtcnative-2 in java.library.path: C:\Program Files (x86)\Application\Java\java 17 openlogic\openlogic-openjdk-17.0.10+7-windows-x64\bin;C:\Windows\Sun\Java\bin;C:\Windows\system32;C:\Windows;C:\Windows\system32;C:\Windows;C:\Windows\System32\Wbem;C:\Windows\System32\WindowsPowerShell\v1.0\;C:\Windows\System32\OpenSSH\;c:\Program Files (x86)\Intel\Intel(R) Management Engine Components\DAL;c:\Program Files\Intel\Intel(R) Management Engine Components\DAL;C:\Program Files (x86)\Pulse Secure\VC142.CRT\X64\;C:\Program Files (x86)\Pulse Secure\VC142.CRT\X86\;C:\Program Files (x86)\Common Files\Pulse Secure\TNC Client Plugin\;C:\Program Files\PuTTY\;C:\Program Files\TortoiseGit\bin;C:\Program Files (x86)\Application\apache-maven-3.9.6\bin;C:\Strawberry\c\bin;C:\Strawberry\perl\site\bin;C:\Strawberry\perl\bin;C:\Program Files (x86)\Application\apache-ant-1.10.14\bin;C:\Program Files\Git\cmd;C:\Program Files\Docker\Docker\resources\bin;C:\Program Files (x86)\Application\Java\java 17 openlogic\openlogic-openjdk-17.0.10+7-windows-x64\bin;C:\Program Files (x86)\Application\Java\java 17 openlogic\openlogic-openjre-17.0.10+7-windows-x64\bin;C:\Users\Shree\AppData\Local\Microsoft\WindowsApps;C:\Program Files\Git\bin;C:\Program Files (x86)\Application\apache-maven-3.9.6\bin;C:\Program Files (x86)\Application\apache-ant-1.10.14\bin;C:\Program Files (x86)\Application\Java\jdk-17.0.10\bin;C:\Users\Shree\AppData\Local\Programs\Microsoft VS Code\bin;C:\Program Files (x86)\Application\Java\java 17 openlogic\openlogic-openjdk-17.0.10+7-windows-x64\bin;C:\Program Files (x86)\Application\Java\java 17 openlogic\openlogic-openjre-17.0.10+7-windows-x64\bin;;., no tcnative-1 in java.library.path: C:\Program Files (x86)\Application\Java\java 17 openlogic\openlogic-openjdk-17.0.10+7-windows-x64\bin;C:\Windows\Sun\Java\bin;C:\Windows\system32;C:\Windows;C:\Windows\system32;C:\Windows;C:\Windows\System32\Wbem;C:\Windows\System32\WindowsPowerShell\v1.0\;C:\Windows\System32\OpenSSH\;c:\Program Files (x86)\Intel\Intel(R) Management Engine Components\DAL;c:\Program Files\Intel\Intel(R) Management Engine Components\DAL;C:\Program Files (x86)\Pulse Secure\VC142.CRT\X64\;C:\Program Files (x86)\Pulse Secure\VC142.CRT\X86\;C:\Program Files (x86)\Common Files\Pulse Secure\TNC Client Plugin\;C:\Program Files\PuTTY\;C:\Program Files\TortoiseGit\bin;C:\Program Files (x86)\Application\apache-maven-3.9.6\bin;C:\Strawberry\c\bin;C:\Strawberry\perl\site\bin;C:\Strawberry\perl\bin;C:\Program Files (x86)\Application\apache-ant-1.10.14\bin;C:\Program Files\Git\cmd;C:\Program Files\Docker\Docker\resources\bin;C:\Program Files (x86)\Application\Java\java 17 openlogic\openlogic-openjdk-17.0.10+7-windows-x64\bin;C:\Program Files (x86)\Application\Java\java 17 openlogic\openlogic-openjre-17.0.10+7-windows-x64\bin;C:\Users\Shree\AppData\Local\Microsoft\WindowsApps;C:\Program Files\Git\bin;C:\Program Files (x86)\Application\apache-maven-3.9.6\bin;C:\Program Files (x86)\Application\apache-ant-1.10.14\bin;C:\Program Files (x86)\Application\Java\jdk-17.0.10\bin;C:\Users\Shree\AppData\Local\Programs\Microsoft VS Code\bin;C:\Program Files (x86)\Application\Java\java 17 openlogic\openlogic-openjdk-17.0.10+7-windows-x64\bin;C:\Program Files (x86)\Application\Java\java 17 openlogic\openlogic-openjre-17.0.10+7-windows-x64\bin;;., no libtcnative-1 in java.library.path: C:\Program Files (x86)\Application\Java\java 17 openlogic\openlogic-openjdk-17.0.10+7-windows-x64\bin;C:\Windows\Sun\Java\bin;C:\Windows\system32;C:\Windows;C:\Windows\system32;C:\Windows;C:\Windows\System32\Wbem;C:\Windows\System32\WindowsPowerShell\v1.0\;C:\Windows\System32\OpenSSH\;c:\Program Files (x86)\Intel\Intel(R) Management Engine Components\DAL;c:\Program Files\Intel\Intel(R) Management Engine Components\DAL;C:\Program Files (x86)\Pulse Secure\VC142.CRT\X64\;C:\Program Files (x86)\Pulse Secure\VC142.CRT\X86\;C:\Program Files (x86)\Common Files\Pulse Secure\TNC Client Plugin\;C:\Program Files\PuTTY\;C:\Program Files\TortoiseGit\bin;C:\Program Files (x86)\Application\apache-maven-3.9.6\bin;C:\Strawberry\c\bin;C:\Strawberry\perl\site\bin;C:\Strawberry\perl\bin;C:\Program Files (x86)\Application\apache-ant-1.10.14\bin;C:\Program Files\Git\cmd;C:\Program Files\Docker\Docker\resources\bin;C:\Program Files (x86)\Application\Java\java 17 openlogic\openlogic-openjdk-17.0.10+7-windows-x64\bin;C:\Program Files (x86)\Application\Java\java 17 openlogic\openlogic-openjre-17.0.10+7-windows-x64\bin;C:\Users\Shree\AppData\Local\Microsoft\WindowsApps;C:\Program Files\Git\bin;C:\Program Files (x86)\Application\apache-maven-3.9.6\bin;C:\Program Files (x86)\Application\apache-ant-1.10.14\bin;C:\Program Files (x86)\Application\Java\jdk-17.0.10\bin;C:\Users\Shree\AppData\Local\Programs\Microsoft VS Code\bin;C:\Program Files (x86)\Application\Java\java 17 openlogic\openlogic-openjdk-17.0.10+7-windows-x64\bin;C:\Program Files (x86)\Application\Java\java 17 openlogic\openlogic-openjre-17.0.10+7-windows-x64\bin;;.
	at org.apache.tomcat.jni.Library.<init>(Library.java:91) ~[tomcat-embed-core-10.1.39.jar:10.1.39]
	at org.apache.tomcat.jni.Library.initialize(Library.java:147) ~[tomcat-embed-core-10.1.39.jar:10.1.39]
	at org.apache.catalina.core.AprLifecycleListener.init(AprLifecycleListener.java:211) ~[tomcat-embed-core-10.1.39.jar:10.1.39]
	at org.apache.catalina.core.AprLifecycleListener.isAprAvailable(AprLifecycleListener.java:113) ~[tomcat-embed-core-10.1.39.jar:10.1.39]
	at org.springframework.boot.autoconfigure.web.servlet.TomcatServletWebServerFactoryCustomizer.isAprAvailable(TomcatServletWebServerFactoryCustomizer.java:90) ~[spring-boot-autoconfigure-3.4.4.jar:3.4.4]
	at org.springframework.boot.autoconfigure.web.servlet.TomcatServletWebServerFactoryCustomizer.getUseApr(TomcatServletWebServerFactoryCustomizer.java:81) ~[spring-boot-autoconfigure-3.4.4.jar:3.4.4]
	at org.springframework.boot.autoconfigure.web.servlet.TomcatServletWebServerFactoryCustomizer.customize(TomcatServletWebServerFactoryCustomizer.java:63) ~[spring-boot-autoconfigure-3.4.4.jar:3.4.4]
	at org.springframework.boot.autoconfigure.web.servlet.TomcatServletWebServerFactoryCustomizer.customize(TomcatServletWebServerFactoryCustomizer.java:38) ~[spring-boot-autoconfigure-3.4.4.jar:3.4.4]
	at org.springframework.boot.web.server.WebServerFactoryCustomizerBeanPostProcessor.lambda$postProcessBeforeInitialization$0(WebServerFactoryCustomizerBeanPostProcessor.java:72) ~[spring-boot-3.4.4.jar:3.4.4]
	at org.springframework.boot.util.LambdaSafe$Callbacks.lambda$invoke$0(LambdaSafe.java:287) ~[spring-boot-3.4.4.jar:3.4.4]
	at org.springframework.boot.util.LambdaSafe$LambdaSafeCallback.invoke(LambdaSafe.java:159) ~[spring-boot-3.4.4.jar:3.4.4]
	at org.springframework.boot.util.LambdaSafe$Callbacks.lambda$invoke$1(LambdaSafe.java:286) ~[spring-boot-3.4.4.jar:3.4.4]
	at java.base/java.util.ArrayList.forEach(ArrayList.java:1511) ~[na:na]
	at java.base/java.util.Collections$UnmodifiableCollection.forEach(Collections.java:1092) ~[na:na]
	at org.springframework.boot.util.LambdaSafe$Callbacks.invoke(LambdaSafe.java:286) ~[spring-boot-3.4.4.jar:3.4.4]
	at org.springframework.boot.web.server.WebServerFactoryCustomizerBeanPostProcessor.postProcessBeforeInitialization(WebServerFactoryCustomizerBeanPostProcessor.java:72) ~[spring-boot-3.4.4.jar:3.4.4]
	at org.springframework.boot.web.server.WebServerFactoryCustomizerBeanPostProcessor.postProcessBeforeInitialization(WebServerFactoryCustomizerBeanPostProcessor.java:58) ~[spring-boot-3.4.4.jar:3.4.4]
	at org.springframework.beans.factory.support.AbstractAutowireCapableBeanFactory.applyBeanPostProcessorsBeforeInitialization(AbstractAutowireCapableBeanFactory.java:423) ~[spring-beans-6.2.5.jar:6.2.5]
	at org.springframework.beans.factory.support.AbstractAutowireCapableBeanFactory.initializeBean(AbstractAutowireCapableBeanFactory.java:1804) ~[spring-beans-6.2.5.jar:6.2.5]
	at org.springframework.beans.factory.support.AbstractAutowireCapableBeanFactory.doCreateBean(AbstractAutowireCapableBeanFactory.java:601) ~[spring-beans-6.2.5.jar:6.2.5]
	at org.springframework.beans.factory.support.AbstractAutowireCapableBeanFactory.createBean(AbstractAutowireCapableBeanFactory.java:523) ~[spring-beans-6.2.5.jar:6.2.5]
	at org.springframework.beans.factory.support.AbstractBeanFactory.lambda$doGetBean$0(AbstractBeanFactory.java:339) ~[spring-beans-6.2.5.jar:6.2.5]
	at org.springframework.beans.factory.support.DefaultSingletonBeanRegistry.getSingleton(DefaultSingletonBeanRegistry.java:347) ~[spring-beans-6.2.5.jar:6.2.5]
	at org.springframework.beans.factory.support.AbstractBeanFactory.doGetBean(AbstractBeanFactory.java:337) ~[spring-beans-6.2.5.jar:6.2.5]
	at org.springframework.beans.factory.support.AbstractBeanFactory.getBean(AbstractBeanFactory.java:207) ~[spring-beans-6.2.5.jar:6.2.5]
	at org.springframework.boot.web.servlet.context.ServletWebServerApplicationContext.getWebServerFactory(ServletWebServerApplicationContext.java:228) ~[spring-boot-3.4.4.jar:3.4.4]
	at org.springframework.boot.web.servlet.context.ServletWebServerApplicationContext.createWebServer(ServletWebServerApplicationContext.java:191) ~[spring-boot-3.4.4.jar:3.4.4]
	at org.springframework.boot.web.servlet.context.ServletWebServerApplicationContext.onRefresh(ServletWebServerApplicationContext.java:167) ~[spring-boot-3.4.4.jar:3.4.4]
	at org.springframework.context.support.AbstractApplicationContext.refresh(AbstractApplicationContext.java:621) ~[spring-context-6.2.5.jar:6.2.5]
	at org.springframework.boot.web.servlet.context.ServletWebServerApplicationContext.refresh(ServletWebServerApplicationContext.java:146) ~[spring-boot-3.4.4.jar:3.4.4]
	at org.springframework.boot.SpringApplication.refresh(SpringApplication.java:752) ~[spring-boot-3.4.4.jar:3.4.4]
	at org.springframework.boot.SpringApplication.refreshContext(SpringApplication.java:439) ~[spring-boot-3.4.4.jar:3.4.4]
	at org.springframework.boot.SpringApplication.run(SpringApplication.java:318) ~[spring-boot-3.4.4.jar:3.4.4]
	at org.springframework.boot.SpringApplication.run(SpringApplication.java:1361) ~[spring-boot-3.4.4.jar:3.4.4]
	at org.springframework.boot.SpringApplication.run(SpringApplication.java:1350) ~[spring-boot-3.4.4.jar:3.4.4]
	at com.example.demo.DemoApplication.main(DemoApplication.java:10) ~[classes/:na]

2025-03-29T12:45:06.181+05:30 DEBUG 17688 --- [demo] [main] o.apache.tomcat.util.compat.Jre19Compat  : Class not found so assuming code is running on a pre-Java 19 JVM

java.lang.ClassNotFoundException: java.lang.WrongThreadException
	at java.base/jdk.internal.loader.BuiltinClassLoader.loadClass(BuiltinClassLoader.java:641) ~[na:na]
	at java.base/jdk.internal.loader.ClassLoaders$AppClassLoader.loadClass(ClassLoaders.java:188) ~[na:na]
	at java.base/java.lang.ClassLoader.loadClass(ClassLoader.java:525) ~[na:na]
	at java.base/java.lang.Class.forName0(Native Method) ~[na:na]
	at java.base/java.lang.Class.forName(Class.java:375) ~[na:na]
	at org.apache.tomcat.util.compat.Jre19Compat.<clinit>(Jre19Compat.java:37) ~[tomcat-embed-core-10.1.39.jar:10.1.39]
	at org.apache.tomcat.util.compat.JreCompat.<clinit>(JreCompat.java:74) ~[tomcat-embed-core-10.1.39.jar:10.1.39]
	at org.apache.catalina.startup.Tomcat.<clinit>(Tomcat.java:1193) ~[tomcat-embed-core-10.1.39.jar:10.1.39]
	at org.springframework.boot.web.embedded.tomcat.TomcatServletWebServerFactory.getWebServer(TomcatServletWebServerFactory.java:200) ~[spring-boot-3.4.4.jar:3.4.4]
	at org.springframework.boot.web.servlet.context.ServletWebServerApplicationContext.createWebServer(ServletWebServerApplicationContext.java:193) ~[spring-boot-3.4.4.jar:3.4.4]
	at org.springframework.boot.web.servlet.context.ServletWebServerApplicationContext.onRefresh(ServletWebServerApplicationContext.java:167) ~[spring-boot-3.4.4.jar:3.4.4]
	at org.springframework.context.support.AbstractApplicationContext.refresh(AbstractApplicationContext.java:621) ~[spring-context-6.2.5.jar:6.2.5]
	at org.springframework.boot.web.servlet.context.ServletWebServerApplicationContext.refresh(ServletWebServerApplicationContext.java:146) ~[spring-boot-3.4.4.jar:3.4.4]
	at org.springframework.boot.SpringApplication.refresh(SpringApplication.java:752) ~[spring-boot-3.4.4.jar:3.4.4]
	at org.springframework.boot.SpringApplication.refreshContext(SpringApplication.java:439) ~[spring-boot-3.4.4.jar:3.4.4]
	at org.springframework.boot.SpringApplication.run(SpringApplication.java:318) ~[spring-boot-3.4.4.jar:3.4.4]
	at org.springframework.boot.SpringApplication.run(SpringApplication.java:1361) ~[spring-boot-3.4.4.jar:3.4.4]
	at org.springframework.boot.SpringApplication.run(SpringApplication.java:1350) ~[spring-boot-3.4.4.jar:3.4.4]
	at com.example.demo.DemoApplication.main(DemoApplication.java:10) ~[classes/:na]

2025-03-29T12:45:06.183+05:30 DEBUG 17688 --- [demo] [main] o.apache.tomcat.util.compat.Jre21Compat  : Class not found so assuming code is running on a pre-Java 21 JVM

java.lang.ClassNotFoundException: java.util.SequencedCollection
	at java.base/jdk.internal.loader.BuiltinClassLoader.loadClass(BuiltinClassLoader.java:641) ~[na:na]
	at java.base/jdk.internal.loader.ClassLoaders$AppClassLoader.loadClass(ClassLoaders.java:188) ~[na:na]
	at java.base/java.lang.ClassLoader.loadClass(ClassLoader.java:525) ~[na:na]
	at java.base/java.lang.Class.forName0(Native Method) ~[na:na]
	at java.base/java.lang.Class.forName(Class.java:375) ~[na:na]
	at org.apache.tomcat.util.compat.Jre21Compat.<clinit>(Jre21Compat.java:53) ~[tomcat-embed-core-10.1.39.jar:10.1.39]
	at org.apache.tomcat.util.compat.JreCompat.<clinit>(JreCompat.java:74) ~[tomcat-embed-core-10.1.39.jar:10.1.39]
	at org.apache.catalina.startup.Tomcat.<clinit>(Tomcat.java:1193) ~[tomcat-embed-core-10.1.39.jar:10.1.39]
	at org.springframework.boot.web.embedded.tomcat.TomcatServletWebServerFactory.getWebServer(TomcatServletWebServerFactory.java:200) ~[spring-boot-3.4.4.jar:3.4.4]
	at org.springframework.boot.web.servlet.context.ServletWebServerApplicationContext.createWebServer(ServletWebServerApplicationContext.java:193) ~[spring-boot-3.4.4.jar:3.4.4]
	at org.springframework.boot.web.servlet.context.ServletWebServerApplicationContext.onRefresh(ServletWebServerApplicationContext.java:167) ~[spring-boot-3.4.4.jar:3.4.4]
	at org.springframework.context.support.AbstractApplicationContext.refresh(AbstractApplicationContext.java:621) ~[spring-context-6.2.5.jar:6.2.5]
	at org.springframework.boot.web.servlet.context.ServletWebServerApplicationContext.refresh(ServletWebServerApplicationContext.java:146) ~[spring-boot-3.4.4.jar:3.4.4]
	at org.springframework.boot.SpringApplication.refresh(SpringApplication.java:752) ~[spring-boot-3.4.4.jar:3.4.4]
	at org.springframework.boot.SpringApplication.refreshContext(SpringApplication.java:439) ~[spring-boot-3.4.4.jar:3.4.4]
	at org.springframework.boot.SpringApplication.run(SpringApplication.java:318) ~[spring-boot-3.4.4.jar:3.4.4]
	at org.springframework.boot.SpringApplication.run(SpringApplication.java:1361) ~[spring-boot-3.4.4.jar:3.4.4]
	at org.springframework.boot.SpringApplication.run(SpringApplication.java:1350) ~[spring-boot-3.4.4.jar:3.4.4]
	at com.example.demo.DemoApplication.main(DemoApplication.java:10) ~[classes/:na]

2025-03-29T12:45:06.243+05:30 DEBUG 17688 --- [demo] [main] o.apache.tomcat.util.compat.Jre22Compat  : Class not found so assuming code is running on a pre-Java 22 JVM

java.lang.ClassNotFoundException: java.text.ListFormat
	at java.base/jdk.internal.loader.BuiltinClassLoader.loadClass(BuiltinClassLoader.java:641) ~[na:na]
	at java.base/jdk.internal.loader.ClassLoaders$AppClassLoader.loadClass(ClassLoaders.java:188) ~[na:na]
	at java.base/java.lang.ClassLoader.loadClass(ClassLoader.java:525) ~[na:na]
	at java.base/java.lang.Class.forName0(Native Method) ~[na:na]
	at java.base/java.lang.Class.forName(Class.java:375) ~[na:na]
	at org.apache.tomcat.util.compat.Jre22Compat.<clinit>(Jre22Compat.java:37) ~[tomcat-embed-core-10.1.39.jar:10.1.39]
	at org.apache.tomcat.util.compat.JreCompat.<clinit>(JreCompat.java:74) ~[tomcat-embed-core-10.1.39.jar:10.1.39]
	at org.apache.catalina.startup.Tomcat.<clinit>(Tomcat.java:1193) ~[tomcat-embed-core-10.1.39.jar:10.1.39]
	at org.springframework.boot.web.embedded.tomcat.TomcatServletWebServerFactory.getWebServer(TomcatServletWebServerFactory.java:200) ~[spring-boot-3.4.4.jar:3.4.4]
	at org.springframework.boot.web.servlet.context.ServletWebServerApplicationContext.createWebServer(ServletWebServerApplicationContext.java:193) ~[spring-boot-3.4.4.jar:3.4.4]
	at org.springframework.boot.web.servlet.context.ServletWebServerApplicationContext.onRefresh(ServletWebServerApplicationContext.java:167) ~[spring-boot-3.4.4.jar:3.4.4]
	at org.springframework.context.support.AbstractApplicationContext.refresh(AbstractApplicationContext.java:621) ~[spring-context-6.2.5.jar:6.2.5]
	at org.springframework.boot.web.servlet.context.ServletWebServerApplicationContext.refresh(ServletWebServerApplicationContext.java:146) ~[spring-boot-3.4.4.jar:3.4.4]
	at org.springframework.boot.SpringApplication.refresh(SpringApplication.java:752) ~[spring-boot-3.4.4.jar:3.4.4]
	at org.springframework.boot.SpringApplication.refreshContext(SpringApplication.java:439) ~[spring-boot-3.4.4.jar:3.4.4]
	at org.springframework.boot.SpringApplication.run(SpringApplication.java:318) ~[spring-boot-3.4.4.jar:3.4.4]
	at org.springframework.boot.SpringApplication.run(SpringApplication.java:1361) ~[spring-boot-3.4.4.jar:3.4.4]
	at org.springframework.boot.SpringApplication.run(SpringApplication.java:1350) ~[spring-boot-3.4.4.jar:3.4.4]
	at com.example.demo.DemoApplication.main(DemoApplication.java:10) ~[classes/:na]

2025-03-29T12:45:06.338+05:30 DEBUG 17688 --- [demo] [main] org.apache.catalina.core.ContainerBase   : Add container child [StandardHost[localhost]] to container [StandardEngine[Tomcat]]
2025-03-29T12:45:06.581+05:30 DEBUG 17688 --- [demo] [main] org.apache.catalina.core.ContainerBase   : Add container child [TomcatEmbeddedContext[]] to container [StandardEngine[Tomcat].StandardHost[localhost]]
2025-03-29T12:45:06.588+05:30  INFO 17688 --- [demo] [main] o.s.b.w.embedded.tomcat.TomcatWebServer  : Tomcat initialized with port 8080 (http)
2025-03-29T12:45:06.603+05:30  INFO 17688 --- [demo] [main] o.apache.catalina.core.StandardService   : Starting service [Tomcat]
2025-03-29T12:45:06.603+05:30  INFO 17688 --- [demo] [main] o.apache.catalina.core.StandardEngine    : Starting Servlet engine: [Apache Tomcat/10.1.39]
2025-03-29T12:45:06.652+05:30 DEBUG 17688 --- [demo] [main] o.apache.catalina.loader.WebappLoader    : Starting this Loader
2025-03-29T12:45:06.657+05:30 DEBUG 17688 --- [demo] [main] org.apache.catalina.webresources.Cache   : Increased cache size by [531] for item [org.apache.catalina.webresources.CachedResource@f1d0004] at [/WEB-INF/classes] making total cache size [531]
2025-03-29T12:45:06.662+05:30 DEBUG 17688 --- [demo] [main] o.apache.catalina.core.StandardContext   : No manager found. Checking if cluster manager should be used. Cluster configured: [false], Application distributable: [false]
2025-03-29T12:45:06.668+05:30 DEBUG 17688 --- [demo] [main] o.apache.catalina.core.StandardContext   : Configured a manager of class [org.apache.catalina.session.StandardManager]
2025-03-29T12:45:06.676+05:30  INFO 17688 --- [demo] [main] o.a.c.c.C.[Tomcat].[localhost].[/]       : Initializing Spring embedded WebApplicationContext
2025-03-29T12:45:06.677+05:30  INFO 17688 --- [demo] [main] w.s.c.ServletWebServerApplicationContext : Root WebApplicationContext: initialization completed in 1506 ms
2025-03-29T12:45:06.812+05:30 DEBUG 17688 --- [demo] [main] org.apache.catalina.core.ContainerBase   : Add container child [StandardWrapper[dispatcherServlet]] to container [StandardEngine[Tomcat].StandardHost[localhost].TomcatEmbeddedContext[]]
2025-03-29T12:45:06.839+05:30 DEBUG 17688 --- [demo] [main] o.s.w.f.ServerHttpObservationFilter      : Filter 'webMvcObservationFilter' configured for use
2025-03-29T12:45:06.846+05:30 DEBUG 17688 --- [demo] [main] org.apache.catalina.mapper.Mapper        : Registered host [localhost]
2025-03-29T12:45:06.847+05:30 DEBUG 17688 --- [demo] [main] o.apache.catalina.mapper.MapperListener  : Register Wrapper [dispatcherServlet] in Context [] for service [StandardService[Tomcat]]
2025-03-29T12:45:06.848+05:30 DEBUG 17688 --- [demo] [main] o.apache.catalina.mapper.MapperListener  : Register Context [] for service [StandardService[Tomcat]]
2025-03-29T12:45:06.848+05:30 DEBUG 17688 --- [demo] [main] o.apache.catalina.mapper.MapperListener  : Register host [localhost] at domain [null] for service [StandardService[Tomcat]]
2025-03-29T12:45:06.909+05:30 DEBUG 17688 --- [demo] [main] org.apache.catalina.webresources.Cache   : Increased cache size by [521] for item [org.apache.catalina.webresources.CachedResource@5afbd567] at [/index.html] making total cache size [1052]
2025-03-29T12:45:06.985+05:30 DEBUG 17688 --- [demo] [main] s.w.s.m.m.a.RequestMappingHandlerMapping : 3 mappings in 'requestMappingHandlerMapping'
2025-03-29T12:45:07.040+05:30 DEBUG 17688 --- [demo] [main] org.apache.catalina.webresources.Cache   : Increased cache size by [501] for item [org.apache.catalina.webresources.CachedResource@1642eeae] at [/] making total cache size [1553]
2025-03-29T12:45:07.043+05:30 DEBUG 17688 --- [demo] [main] o.s.w.s.handler.SimpleUrlHandlerMapping  : Patterns [/webjars/**, /**] in 'resourceHandlerMapping'
2025-03-29T12:45:07.065+05:30 DEBUG 17688 --- [demo] [main] s.w.s.m.m.a.RequestMappingHandlerAdapter : ControllerAdvice beans: 0 @ModelAttribute, 0 @InitBinder, 1 RequestBodyAdvice, 1 ResponseBodyAdvice
2025-03-29T12:45:07.105+05:30 DEBUG 17688 --- [demo] [main] .m.m.a.ExceptionHandlerExceptionResolver : ControllerAdvice beans: 0 @ExceptionHandler, 1 ResponseBodyAdvice
2025-03-29T12:45:07.386+05:30  INFO 17688 --- [demo] [main] o.s.b.a.e.web.EndpointLinksResolver      : Exposing 15 endpoints beneath base path '/actuator'
2025-03-29T12:45:07.454+05:30  INFO 17688 --- [demo] [main] o.s.b.w.embedded.tomcat.TomcatWebServer  : Tomcat started on port 8080 (http) with context path '/'
2025-03-29T12:45:07.472+05:30  INFO 17688 --- [demo] [main] com.example.demo.DemoApplication         : Started DemoApplication in 2.941 seconds (process running for 3.279)
2025-03-29T12:45:41.436+05:30  INFO 17688 --- [demo] [SpringApplicationShutdownHook] o.s.b.w.e.tomcat.GracefulShutdown        : Commencing graceful shutdown. Waiting for active requests to complete
2025-03-29T12:45:41.616+05:30  INFO 17688 --- [demo] [tomcat-shutdown] o.s.b.w.e.tomcat.GracefulShutdown        : Graceful shutdown complete
